<?xml version="1.0" encoding="UTF-8"?>
<testsuite xmlns:xsi="http://www.w3.org/2001/XMLSchema-instance" xsi:noNamespaceSchemaLocation="https://maven.apache.org/surefire/maven-surefire-plugin/xsd/surefire-test-report-3.0.xsd" version="3.0" name="net.shadervertex.sms.UserControllerTests" time="0.465" tests="3" errors="0" skipped="0" failures="0">
  <properties>
[...]
</properties>
  <testcase name="testLogin_POST_Failed" classname="net.shadervertex.sms.UserControllerTests" time="0.442"/>
  <testcase name="testLogin_POST_Successful" classname="net.shadervertex.sms.UserControllerTests" time="0.007"/>
  <testcase name="testLogin_GET" classname="net.shadervertex.sms.UserControllerTests" time="0.004"/>
</testsuite>